DEB [20161119-19:30:39.209] thr=1   paramiko.transport: starting thread (client mode): 0xc648e10L
DEB [20161119-19:30:39.211] thr=1   paramiko.transport: Local version/idstring: SSH-2.0-paramiko_2.0.0
DEB [20161119-19:30:39.221] thr=1   paramiko.transport: Remote version/idstring: SSH-2.0-OpenSSH_6.6.1p1 Ubuntu-2ubuntu2.8
INF [20161119-19:30:39.223] thr=1   paramiko.transport: Connected (version 2.0, client OpenSSH_6.6.1p1)
DEB [20161119-19:30:39.232] thr=1   paramiko.transport: kex algos:[u'curve25519-sha256@libssh.org', u'ecdh-sha2-nistp256', u'ecdh-sha2-nistp384', u'ecdh-sha2-nistp521', u'diffie-hellman-group-exchange-sha256', u'diffie-hellman-group-exchange-sha1', u'diffie-hellman-group14-sha1', u'diffie-hellman-group1-sha1'] server key:[u'ssh-rsa', u'ssh-dss', u'ecdsa-sha2-nistp256', u'ssh-ed25519'] client encrypt:[u'aes128-ctr', u'aes192-ctr', u'aes256-ctr', u'arcfour256', u'arcfour128', u'aes128-gcm@openssh.com', u'aes256-gcm@openssh.com', u'chacha20-poly1305@openssh.com', u'aes128-cbc', u'3des-cbc', u'blowfish-cbc', u'cast128-cbc', u'aes192-cbc', u'aes256-cbc', u'arcfour', u'rijndael-cbc@lysator.liu.se'] server encrypt:[u'aes128-ctr', u'aes192-ctr', u'aes256-ctr', u'arcfour256', u'arcfour128', u'aes128-gcm@openssh.com', u'aes256-gcm@openssh.com', u'chacha20-poly1305@openssh.com', u'aes128-cbc', u'3des-cbc', u'blowfish-cbc', u'cast128-cbc', u'aes192-cbc', u'aes256-cbc', u'arcfour', u'rijndael-cbc@lysator.liu.se'] client mac:[u'hmac-md5-etm@openssh.com', u'hmac-sha1-etm@openssh.com', u'umac-64-etm@openssh.com', u'umac-128-etm@openssh.com', u'hmac-sha2-256-etm@openssh.com', u'hmac-sha2-512-etm@openssh.com', u'hmac-ripemd160-etm@openssh.com', u'hmac-sha1-96-etm@openssh.com', u'hmac-md5-96-etm@openssh.com', u'hmac-md5', u'hmac-sha1', u'umac-64@openssh.com', u'umac-128@openssh.com', u'hmac-sha2-256', u'hmac-sha2-512', u'hmac-ripemd160', u'hmac-ripemd160@openssh.com', u'hmac-sha1-96', u'hmac-md5-96'] server mac:[u'hmac-md5-etm@openssh.com', u'hmac-sha1-etm@openssh.com', u'umac-64-etm@openssh.com', u'umac-128-etm@openssh.com', u'hmac-sha2-256-etm@openssh.com', u'hmac-sha2-512-etm@openssh.com', u'hmac-ripemd160-etm@openssh.com', u'hmac-sha1-96-etm@openssh.com', u'hmac-md5-96-etm@openssh.com', u'hmac-md5', u'hmac-sha1', u'umac-64@openssh.com', u'umac-128@openssh.com', u'hmac-sha2-256', u'hmac-sha2-512', u'hmac-ripemd160', u'hmac-ripemd160@openssh.com', u'hmac-sha1-96', u'hmac-md5-96'] client compress:[u'none', u'zlib@openssh.com'] server compress:[u'none', u'zlib@openssh.com'] client lang:[u''] server lang:[u''] kex follows?False
DEB [20161119-19:30:39.233] thr=1   paramiko.transport: Kex agreed: diffie-hellman-group1-sha1
DEB [20161119-19:30:39.234] thr=1   paramiko.transport: Cipher agreed: aes128-ctr
DEB [20161119-19:30:39.235] thr=1   paramiko.transport: MAC agreed: hmac-sha2-256
DEB [20161119-19:30:39.235] thr=1   paramiko.transport: Compression agreed: none
DEB [20161119-19:30:39.681] thr=1   paramiko.transport: kex engine KexGroup1 specified hash_algo <built-in function openssl_sha1>
DEB [20161119-19:30:39.682] thr=1   paramiko.transport: Switch to new keys ...
DEB [20161119-19:30:39.690] thr=2   paramiko.transport: Adding ssh-rsa host key for 10.3.124.174: df819ce452f38e7515c39245b7218a80
DEB [20161119-19:30:39.769] thr=1   paramiko.transport: userauth is OK
INF [20161119-19:30:41.581] thr=1   paramiko.transport: Authentication (password) failed.
DEB [20161119-19:30:41.683] thr=1   paramiko.transport: EOF in transport thread
DEB [20161119-19:30:41.728] thr=3   paramiko.transport: starting thread (client mode): 0x6af4850L
DEB [20161119-19:30:41.729] thr=3   paramiko.transport: Local version/idstring: SSH-2.0-paramiko_2.0.0
DEB [20161119-19:30:41.742] thr=3   paramiko.transport: Remote version/idstring: SSH-2.0-OpenSSH_6.6.1p1 Ubuntu-2ubuntu2.8
INF [20161119-19:30:41.743] thr=3   paramiko.transport: Connected (version 2.0, client OpenSSH_6.6.1p1)
DEB [20161119-19:30:41.750] thr=3   paramiko.transport: kex algos:[u'curve25519-sha256@libssh.org', u'ecdh-sha2-nistp256', u'ecdh-sha2-nistp384', u'ecdh-sha2-nistp521', u'diffie-hellman-group-exchange-sha256', u'diffie-hellman-group-exchange-sha1', u'diffie-hellman-group14-sha1', u'diffie-hellman-group1-sha1'] server key:[u'ssh-rsa', u'ssh-dss', u'ecdsa-sha2-nistp256', u'ssh-ed25519'] client encrypt:[u'aes128-ctr', u'aes192-ctr', u'aes256-ctr', u'arcfour256', u'arcfour128', u'aes128-gcm@openssh.com', u'aes256-gcm@openssh.com', u'chacha20-poly1305@openssh.com', u'aes128-cbc', u'3des-cbc', u'blowfish-cbc', u'cast128-cbc', u'aes192-cbc', u'aes256-cbc', u'arcfour', u'rijndael-cbc@lysator.liu.se'] server encrypt:[u'aes128-ctr', u'aes192-ctr', u'aes256-ctr', u'arcfour256', u'arcfour128', u'aes128-gcm@openssh.com', u'aes256-gcm@openssh.com', u'chacha20-poly1305@openssh.com', u'aes128-cbc', u'3des-cbc', u'blowfish-cbc', u'cast128-cbc', u'aes192-cbc', u'aes256-cbc', u'arcfour', u'rijndael-cbc@lysator.liu.se'] client mac:[u'hmac-md5-etm@openssh.com', u'hmac-sha1-etm@openssh.com', u'umac-64-etm@openssh.com', u'umac-128-etm@openssh.com', u'hmac-sha2-256-etm@openssh.com', u'hmac-sha2-512-etm@openssh.com', u'hmac-ripemd160-etm@openssh.com', u'hmac-sha1-96-etm@openssh.com', u'hmac-md5-96-etm@openssh.com', u'hmac-md5', u'hmac-sha1', u'umac-64@openssh.com', u'umac-128@openssh.com', u'hmac-sha2-256', u'hmac-sha2-512', u'hmac-ripemd160', u'hmac-ripemd160@openssh.com', u'hmac-sha1-96', u'hmac-md5-96'] server mac:[u'hmac-md5-etm@openssh.com', u'hmac-sha1-etm@openssh.com', u'umac-64-etm@openssh.com', u'umac-128-etm@openssh.com', u'hmac-sha2-256-etm@openssh.com', u'hmac-sha2-512-etm@openssh.com', u'hmac-ripemd160-etm@openssh.com', u'hmac-sha1-96-etm@openssh.com', u'hmac-md5-96-etm@openssh.com', u'hmac-md5', u'hmac-sha1', u'umac-64@openssh.com', u'umac-128@openssh.com', u'hmac-sha2-256', u'hmac-sha2-512', u'hmac-ripemd160', u'hmac-ripemd160@openssh.com', u'hmac-sha1-96', u'hmac-md5-96'] client compress:[u'none', u'zlib@openssh.com'] server compress:[u'none', u'zlib@openssh.com'] client lang:[u''] server lang:[u''] kex follows?False
DEB [20161119-19:30:41.751] thr=3   paramiko.transport: Kex agreed: diffie-hellman-group1-sha1
DEB [20161119-19:30:41.751] thr=3   paramiko.transport: Cipher agreed: aes128-ctr
DEB [20161119-19:30:41.752] thr=3   paramiko.transport: MAC agreed: hmac-sha2-256
DEB [20161119-19:30:41.752] thr=3   paramiko.transport: Compression agreed: none
DEB [20161119-19:30:41.851] thr=3   paramiko.transport: kex engine KexGroup1 specified hash_algo <built-in function openssl_sha1>
DEB [20161119-19:30:41.852] thr=3   paramiko.transport: Switch to new keys ...
DEB [20161119-19:30:41.858] thr=2   paramiko.transport: Adding ssh-rsa host key for 10.3.124.174: df819ce452f38e7515c39245b7218a80
DEB [20161119-19:30:41.898] thr=3   paramiko.transport: userauth is OK
INF [20161119-19:30:43.986] thr=3   paramiko.transport: Authentication (password) failed.
DEB [20161119-19:30:44.088] thr=3   paramiko.transport: EOF in transport thread
DEB [20161119-19:30:44.125] thr=3   paramiko.transport: starting thread (client mode): 0x6af4850L
DEB [20161119-19:30:44.133] thr=3   paramiko.transport: Local version/idstring: SSH-2.0-paramiko_2.0.0
DEB [20161119-19:30:44.144] thr=3   paramiko.transport: Remote version/idstring: SSH-2.0-OpenSSH_6.6.1p1 Ubuntu-2ubuntu2.8
INF [20161119-19:30:44.145] thr=3   paramiko.transport: Connected (version 2.0, client OpenSSH_6.6.1p1)
DEB [20161119-19:30:44.150] thr=3   paramiko.transport: kex algos:[u'curve25519-sha256@libssh.org', u'ecdh-sha2-nistp256', u'ecdh-sha2-nistp384', u'ecdh-sha2-nistp521', u'diffie-hellman-group-exchange-sha256', u'diffie-hellman-group-exchange-sha1', u'diffie-hellman-group14-sha1', u'diffie-hellman-group1-sha1'] server key:[u'ssh-rsa', u'ssh-dss', u'ecdsa-sha2-nistp256', u'ssh-ed25519'] client encrypt:[u'aes128-ctr', u'aes192-ctr', u'aes256-ctr', u'arcfour256', u'arcfour128', u'aes128-gcm@openssh.com', u'aes256-gcm@openssh.com', u'chacha20-poly1305@openssh.com', u'aes128-cbc', u'3des-cbc', u'blowfish-cbc', u'cast128-cbc', u'aes192-cbc', u'aes256-cbc', u'arcfour', u'rijndael-cbc@lysator.liu.se'] server encrypt:[u'aes128-ctr', u'aes192-ctr', u'aes256-ctr', u'arcfour256', u'arcfour128', u'aes128-gcm@openssh.com', u'aes256-gcm@openssh.com', u'chacha20-poly1305@openssh.com', u'aes128-cbc', u'3des-cbc', u'blowfish-cbc', u'cast128-cbc', u'aes192-cbc', u'aes256-cbc', u'arcfour', u'rijndael-cbc@lysator.liu.se'] client mac:[u'hmac-md5-etm@openssh.com', u'hmac-sha1-etm@openssh.com', u'umac-64-etm@openssh.com', u'umac-128-etm@openssh.com', u'hmac-sha2-256-etm@openssh.com', u'hmac-sha2-512-etm@openssh.com', u'hmac-ripemd160-etm@openssh.com', u'hmac-sha1-96-etm@openssh.com', u'hmac-md5-96-etm@openssh.com', u'hmac-md5', u'hmac-sha1', u'umac-64@openssh.com', u'umac-128@openssh.com', u'hmac-sha2-256', u'hmac-sha2-512', u'hmac-ripemd160', u'hmac-ripemd160@openssh.com', u'hmac-sha1-96', u'hmac-md5-96'] server mac:[u'hmac-md5-etm@openssh.com', u'hmac-sha1-etm@openssh.com', u'umac-64-etm@openssh.com', u'umac-128-etm@openssh.com', u'hmac-sha2-256-etm@openssh.com', u'hmac-sha2-512-etm@openssh.com', u'hmac-ripemd160-etm@openssh.com', u'hmac-sha1-96-etm@openssh.com', u'hmac-md5-96-etm@openssh.com', u'hmac-md5', u'hmac-sha1', u'umac-64@openssh.com', u'umac-128@openssh.com', u'hmac-sha2-256', u'hmac-sha2-512', u'hmac-ripemd160', u'hmac-ripemd160@openssh.com', u'hmac-sha1-96', u'hmac-md5-96'] client compress:[u'none', u'zlib@openssh.com'] server compress:[u'none', u'zlib@openssh.com'] client lang:[u''] server lang:[u''] kex follows?False
DEB [20161119-19:30:44.151] thr=3   paramiko.transport: Kex agreed: diffie-hellman-group1-sha1
DEB [20161119-19:30:44.152] thr=3   paramiko.transport: Cipher agreed: aes128-ctr
DEB [20161119-19:30:44.152] thr=3   paramiko.transport: MAC agreed: hmac-sha2-256
DEB [20161119-19:30:44.153] thr=3   paramiko.transport: Compression agreed: none
DEB [20161119-19:30:44.225] thr=3   paramiko.transport: kex engine KexGroup1 specified hash_algo <built-in function openssl_sha1>
DEB [20161119-19:30:44.227] thr=3   paramiko.transport: Switch to new keys ...
DEB [20161119-19:30:44.232] thr=2   paramiko.transport: Adding ssh-rsa host key for 10.3.124.174: df819ce452f38e7515c39245b7218a80
DEB [20161119-19:30:44.273] thr=3   paramiko.transport: userauth is OK
INF [20161119-19:30:45.784] thr=3   paramiko.transport: Authentication (password) failed.
DEB [20161119-19:30:45.885] thr=3   paramiko.transport: EOF in transport thread
DEB [20161119-19:30:45.943] thr=4   paramiko.transport: starting thread (client mode): 0x6fbadd0L
DEB [20161119-19:30:45.947] thr=4   paramiko.transport: Local version/idstring: SSH-2.0-paramiko_2.0.0
DEB [20161119-19:30:45.991] thr=4   paramiko.transport: Remote version/idstring: SSH-2.0-OpenSSH_6.6.1p1 Ubuntu-2ubuntu2.8
INF [20161119-19:30:45.993] thr=4   paramiko.transport: Connected (version 2.0, client OpenSSH_6.6.1p1)
DEB [20161119-19:30:46.000] thr=4   paramiko.transport: kex algos:[u'curve25519-sha256@libssh.org', u'ecdh-sha2-nistp256', u'ecdh-sha2-nistp384', u'ecdh-sha2-nistp521', u'diffie-hellman-group-exchange-sha256', u'diffie-hellman-group-exchange-sha1', u'diffie-hellman-group14-sha1', u'diffie-hellman-group1-sha1'] server key:[u'ssh-rsa', u'ssh-dss', u'ecdsa-sha2-nistp256', u'ssh-ed25519'] client encrypt:[u'aes128-ctr', u'aes192-ctr', u'aes256-ctr', u'arcfour256', u'arcfour128', u'aes128-gcm@openssh.com', u'aes256-gcm@openssh.com', u'chacha20-poly1305@openssh.com', u'aes128-cbc', u'3des-cbc', u'blowfish-cbc', u'cast128-cbc', u'aes192-cbc', u'aes256-cbc', u'arcfour', u'rijndael-cbc@lysator.liu.se'] server encrypt:[u'aes128-ctr', u'aes192-ctr', u'aes256-ctr', u'arcfour256', u'arcfour128', u'aes128-gcm@openssh.com', u'aes256-gcm@openssh.com', u'chacha20-poly1305@openssh.com', u'aes128-cbc', u'3des-cbc', u'blowfish-cbc', u'cast128-cbc', u'aes192-cbc', u'aes256-cbc', u'arcfour', u'rijndael-cbc@lysator.liu.se'] client mac:[u'hmac-md5-etm@openssh.com', u'hmac-sha1-etm@openssh.com', u'umac-64-etm@openssh.com', u'umac-128-etm@openssh.com', u'hmac-sha2-256-etm@openssh.com', u'hmac-sha2-512-etm@openssh.com', u'hmac-ripemd160-etm@openssh.com', u'hmac-sha1-96-etm@openssh.com', u'hmac-md5-96-etm@openssh.com', u'hmac-md5', u'hmac-sha1', u'umac-64@openssh.com', u'umac-128@openssh.com', u'hmac-sha2-256', u'hmac-sha2-512', u'hmac-ripemd160', u'hmac-ripemd160@openssh.com', u'hmac-sha1-96', u'hmac-md5-96'] server mac:[u'hmac-md5-etm@openssh.com', u'hmac-sha1-etm@openssh.com', u'umac-64-etm@openssh.com', u'umac-128-etm@openssh.com', u'hmac-sha2-256-etm@openssh.com', u'hmac-sha2-512-etm@openssh.com', u'hmac-ripemd160-etm@openssh.com', u'hmac-sha1-96-etm@openssh.com', u'hmac-md5-96-etm@openssh.com', u'hmac-md5', u'hmac-sha1', u'umac-64@openssh.com', u'umac-128@openssh.com', u'hmac-sha2-256', u'hmac-sha2-512', u'hmac-ripemd160', u'hmac-ripemd160@openssh.com', u'hmac-sha1-96', u'hmac-md5-96'] client compress:[u'none', u'zlib@openssh.com'] server compress:[u'none', u'zlib@openssh.com'] client lang:[u''] server lang:[u''] kex follows?False
DEB [20161119-19:30:46.001] thr=4   paramiko.transport: Kex agreed: diffie-hellman-group1-sha1
DEB [20161119-19:30:46.001] thr=4   paramiko.transport: Cipher agreed: aes128-ctr
DEB [20161119-19:30:46.002] thr=4   paramiko.transport: MAC agreed: hmac-sha2-256
DEB [20161119-19:30:46.003] thr=4   paramiko.transport: Compression agreed: none
DEB [20161119-19:30:46.088] thr=4   paramiko.transport: kex engine KexGroup1 specified hash_algo <built-in function openssl_sha1>
DEB [20161119-19:30:46.093] thr=4   paramiko.transport: Switch to new keys ...
DEB [20161119-19:30:46.105] thr=2   paramiko.transport: Adding ssh-rsa host key for 10.3.124.174: df819ce452f38e7515c39245b7218a80
DEB [20161119-19:30:46.132] thr=4   paramiko.transport: userauth is OK
INF [20161119-19:30:46.161] thr=4   paramiko.transport: Authentication (password) successful!
DEB [20161119-19:30:46.263] thr=4   paramiko.transport: EOF in transport thread
DEB [20161119-19:30:46.296] thr=5   paramiko.transport: starting thread (client mode): 0xb65ce50L
DEB [20161119-19:30:46.299] thr=5   paramiko.transport: Local version/idstring: SSH-2.0-paramiko_2.0.0
DEB [20161119-19:30:46.311] thr=5   paramiko.transport: Remote version/idstring: SSH-2.0-OpenSSH_6.6.1p1 Ubuntu-2ubuntu2.8
INF [20161119-19:30:46.314] thr=5   paramiko.transport: Connected (version 2.0, client OpenSSH_6.6.1p1)
DEB [20161119-19:30:46.320] thr=5   paramiko.transport: kex algos:[u'curve25519-sha256@libssh.org', u'ecdh-sha2-nistp256', u'ecdh-sha2-nistp384', u'ecdh-sha2-nistp521', u'diffie-hellman-group-exchange-sha256', u'diffie-hellman-group-exchange-sha1', u'diffie-hellman-group14-sha1', u'diffie-hellman-group1-sha1'] server key:[u'ssh-rsa', u'ssh-dss', u'ecdsa-sha2-nistp256', u'ssh-ed25519'] client encrypt:[u'aes128-ctr', u'aes192-ctr', u'aes256-ctr', u'arcfour256', u'arcfour128', u'aes128-gcm@openssh.com', u'aes256-gcm@openssh.com', u'chacha20-poly1305@openssh.com', u'aes128-cbc', u'3des-cbc', u'blowfish-cbc', u'cast128-cbc', u'aes192-cbc', u'aes256-cbc', u'arcfour', u'rijndael-cbc@lysator.liu.se'] server encrypt:[u'aes128-ctr', u'aes192-ctr', u'aes256-ctr', u'arcfour256', u'arcfour128', u'aes128-gcm@openssh.com', u'aes256-gcm@openssh.com', u'chacha20-poly1305@openssh.com', u'aes128-cbc', u'3des-cbc', u'blowfish-cbc', u'cast128-cbc', u'aes192-cbc', u'aes256-cbc', u'arcfour', u'rijndael-cbc@lysator.liu.se'] client mac:[u'hmac-md5-etm@openssh.com', u'hmac-sha1-etm@openssh.com', u'umac-64-etm@openssh.com', u'umac-128-etm@openssh.com', u'hmac-sha2-256-etm@openssh.com', u'hmac-sha2-512-etm@openssh.com', u'hmac-ripemd160-etm@openssh.com', u'hmac-sha1-96-etm@openssh.com', u'hmac-md5-96-etm@openssh.com', u'hmac-md5', u'hmac-sha1', u'umac-64@openssh.com', u'umac-128@openssh.com', u'hmac-sha2-256', u'hmac-sha2-512', u'hmac-ripemd160', u'hmac-ripemd160@openssh.com', u'hmac-sha1-96', u'hmac-md5-96'] server mac:[u'hmac-md5-etm@openssh.com', u'hmac-sha1-etm@openssh.com', u'umac-64-etm@openssh.com', u'umac-128-etm@openssh.com', u'hmac-sha2-256-etm@openssh.com', u'hmac-sha2-512-etm@openssh.com', u'hmac-ripemd160-etm@openssh.com', u'hmac-sha1-96-etm@openssh.com', u'hmac-md5-96-etm@openssh.com', u'hmac-md5', u'hmac-sha1', u'umac-64@openssh.com', u'umac-128@openssh.com', u'hmac-sha2-256', u'hmac-sha2-512', u'hmac-ripemd160', u'hmac-ripemd160@openssh.com', u'hmac-sha1-96', u'hmac-md5-96'] client compress:[u'none', u'zlib@openssh.com'] server compress:[u'none', u'zlib@openssh.com'] client lang:[u''] server lang:[u''] kex follows?False
DEB [20161119-19:30:46.321] thr=5   paramiko.transport: Kex agreed: diffie-hellman-group1-sha1
DEB [20161119-19:30:46.321] thr=5   paramiko.transport: Cipher agreed: aes128-ctr
DEB [20161119-19:30:46.322] thr=5   paramiko.transport: MAC agreed: hmac-sha2-256
DEB [20161119-19:30:46.322] thr=5   paramiko.transport: Compression agreed: none
DEB [20161119-19:30:46.404] thr=5   paramiko.transport: kex engine KexGroup1 specified hash_algo <built-in function openssl_sha1>
DEB [20161119-19:30:46.406] thr=5   paramiko.transport: Switch to new keys ...
DEB [20161119-19:30:46.413] thr=2   paramiko.transport: Adding ssh-rsa host key for 10.3.124.174: df819ce452f38e7515c39245b7218a80
DEB [20161119-19:30:46.476] thr=5   paramiko.transport: userauth is OK
INF [20161119-19:30:48.575] thr=5   paramiko.transport: Authentication (password) failed.
DEB [20161119-19:30:48.677] thr=5   paramiko.transport: EOF in transport thread
DEB [20161119-19:30:48.715] thr=6   paramiko.transport: starting thread (client mode): 0xb5e2b90L
DEB [20161119-19:30:48.719] thr=6   paramiko.transport: Local version/idstring: SSH-2.0-paramiko_2.0.0
DEB [20161119-19:30:48.732] thr=6   paramiko.transport: Remote version/idstring: SSH-2.0-OpenSSH_6.6.1p1 Ubuntu-2ubuntu2.8
INF [20161119-19:30:48.733] thr=6   paramiko.transport: Connected (version 2.0, client OpenSSH_6.6.1p1)
DEB [20161119-19:30:48.736] thr=6   paramiko.transport: kex algos:[u'curve25519-sha256@libssh.org', u'ecdh-sha2-nistp256', u'ecdh-sha2-nistp384', u'ecdh-sha2-nistp521', u'diffie-hellman-group-exchange-sha256', u'diffie-hellman-group-exchange-sha1', u'diffie-hellman-group14-sha1', u'diffie-hellman-group1-sha1'] server key:[u'ssh-rsa', u'ssh-dss', u'ecdsa-sha2-nistp256', u'ssh-ed25519'] client encrypt:[u'aes128-ctr', u'aes192-ctr', u'aes256-ctr', u'arcfour256', u'arcfour128', u'aes128-gcm@openssh.com', u'aes256-gcm@openssh.com', u'chacha20-poly1305@openssh.com', u'aes128-cbc', u'3des-cbc', u'blowfish-cbc', u'cast128-cbc', u'aes192-cbc', u'aes256-cbc', u'arcfour', u'rijndael-cbc@lysator.liu.se'] server encrypt:[u'aes128-ctr', u'aes192-ctr', u'aes256-ctr', u'arcfour256', u'arcfour128', u'aes128-gcm@openssh.com', u'aes256-gcm@openssh.com', u'chacha20-poly1305@openssh.com', u'aes128-cbc', u'3des-cbc', u'blowfish-cbc', u'cast128-cbc', u'aes192-cbc', u'aes256-cbc', u'arcfour', u'rijndael-cbc@lysator.liu.se'] client mac:[u'hmac-md5-etm@openssh.com', u'hmac-sha1-etm@openssh.com', u'umac-64-etm@openssh.com', u'umac-128-etm@openssh.com', u'hmac-sha2-256-etm@openssh.com', u'hmac-sha2-512-etm@openssh.com', u'hmac-ripemd160-etm@openssh.com', u'hmac-sha1-96-etm@openssh.com', u'hmac-md5-96-etm@openssh.com', u'hmac-md5', u'hmac-sha1', u'umac-64@openssh.com', u'umac-128@openssh.com', u'hmac-sha2-256', u'hmac-sha2-512', u'hmac-ripemd160', u'hmac-ripemd160@openssh.com', u'hmac-sha1-96', u'hmac-md5-96'] server mac:[u'hmac-md5-etm@openssh.com', u'hmac-sha1-etm@openssh.com', u'umac-64-etm@openssh.com', u'umac-128-etm@openssh.com', u'hmac-sha2-256-etm@openssh.com', u'hmac-sha2-512-etm@openssh.com', u'hmac-ripemd160-etm@openssh.com', u'hmac-sha1-96-etm@openssh.com', u'hmac-md5-96-etm@openssh.com', u'hmac-md5', u'hmac-sha1', u'umac-64@openssh.com', u'umac-128@openssh.com', u'hmac-sha2-256', u'hmac-sha2-512', u'hmac-ripemd160', u'hmac-ripemd160@openssh.com', u'hmac-sha1-96', u'hmac-md5-96'] client compress:[u'none', u'zlib@openssh.com'] server compress:[u'none', u'zlib@openssh.com'] client lang:[u''] server lang:[u''] kex follows?False
DEB [20161119-19:30:48.737] thr=6   paramiko.transport: Kex agreed: diffie-hellman-group1-sha1
DEB [20161119-19:30:48.741] thr=6   paramiko.transport: Cipher agreed: aes128-ctr
DEB [20161119-19:30:48.742] thr=6   paramiko.transport: MAC agreed: hmac-sha2-256
DEB [20161119-19:30:48.742] thr=6   paramiko.transport: Compression agreed: none
DEB [20161119-19:30:48.819] thr=6   paramiko.transport: kex engine KexGroup1 specified hash_algo <built-in function openssl_sha1>
DEB [20161119-19:30:48.820] thr=6   paramiko.transport: Switch to new keys ...
DEB [20161119-19:30:48.827] thr=2   paramiko.transport: Adding ssh-rsa host key for 10.3.124.174: df819ce452f38e7515c39245b7218a80
DEB [20161119-19:30:48.864] thr=6   paramiko.transport: userauth is OK
INF [20161119-19:30:50.928] thr=6   paramiko.transport: Authentication (password) failed.
DEB [20161119-19:30:51.029] thr=6   paramiko.transport: EOF in transport thread
